#
# There is insufficient memory for the Java Runtime Environment to continue.
# Native memory allocation (mmap) failed to map 266338304 bytes. Error detail: G1 virtual space
# Possible reasons:
#   The system is out of physical RAM or swap space
#   This process is running with CompressedOops enabled, and the Java Heap may be blocking the growth of the native heap
# Possible solutions:
#   Reduce memory load on the system
#   Increase physical memory or swap space
#   Check if swap backing store is full
#   Decrease Java heap size (-Xmx/-Xms)
#   Decrease number of Java threads
#   Decrease Java thread stack sizes (-Xss)
#   Set larger code cache with -XX:ReservedCodeCacheSize=
#   JVM is running with Zero Based Compressed Oops mode in which the Java heap is
#     placed in the first 32GB address space. The Java Heap base address is the
#     maximum limit for the native heap growth. Please use -XX:HeapBaseMinAddress
#     to set the Java Heap base and to place the Java Heap above 32GB virtual address.
# This output file may be truncated or incomplete.
#
#  Out of Memory Error (os_windows.cpp:3815), pid=20288, tid=20356
#
# JRE version:  (21.0.3) (build )
# Java VM: OpenJDK 64-Bit Server VM (21.0.3+-12282718-b509.11, mixed mode, sharing, tiered, compressed oops, compressed class ptrs, g1 gc, windows-amd64)
# No core dump will be written. Minidumps are not enabled by default on client versions of Windows
#

---------------  S U M M A R Y ------------

Command Line: org.jetbrains.kotlin.cli.jvm.K2JVMCompiler @C:\Computer Sience\Software Development for Mobile Application\app\build\20250122_333328624857731288.compiler.options

Host: Intel(R) Core(TM) i5-10300H CPU @ 2.50GHz, 8 cores, 15G,  Windows 10 , 64 bit Build 19041 (10.0.19041.2364)
Time: Wed Jan 22 19:58:42 2025 SE Asia Standard Time elapsed time: 0.019818 seconds (0d 0h 0m 0s)

---------------  T H R E A D  ---------------

Current thread (0x000001f27b67e460):  JavaThread "Unknown thread" [_thread_in_vm, id=20356, stack(0x000000b26ae00000,0x000000b26af00000) (1024K)]

Stack: [0x000000b26ae00000,0x000000b26af00000]
Native frames: (J=compiled Java code, j=interpreted, Vv=VM code, C=native code)
V  [jvm.dll+0x6cafb9]
V  [jvm.dll+0x858523]
V  [jvm.dll+0x85aa7e]
V  [jvm.dll+0x85b163]
V  [jvm.dll+0x27d356]
V  [jvm.dll+0x6c7865]
V  [jvm.dll+0x6bbd3a]
V  [jvm.dll+0x35199b]
V  [jvm.dll+0x3595d6]
V  [jvm.dll+0x3aa826]
V  [jvm.dll+0x3aaaf8]
V  [jvm.dll+0x3240bc]
V  [jvm.dll+0x324dab]
V  [jvm.dll+0x81fd89]
V  [jvm.dll+0x3b7c08]
V  [jvm.dll+0x80921d]
V  [jvm.dll+0x44c05e]
V  [jvm.dll+0x44d6b1]
C  [jli.dll+0x52ab]
C  [ucrtbase.dll+0x21bb2]
C  [KERNEL32.DLL+0x17614]
C  [ntdll.dll+0x526a1]


---------------  P R O C E S S  ---------------

Threads class SMR info:
_java_thread_list=0x00007ff84f6157c8, length=0, elements={
}

Java Threads: ( => current thread )
Total: 0

Other Threads:
  0x000001f27d7caae0 WorkerThread "GC Thread#0"                     [id=20360, stack(0x000000b26af00000,0x000000b26b000000) (1024K)]
  0x000001f27d7dbe50 ConcurrentGCThread "G1 Main Marker"            [id=20364, stack(0x000000b26b000000,0x000000b26b100000) (1024K)]
  0x000001f27d7dc7f0 WorkerThread "G1 Conc#0"                       [id=20368, stack(0x000000b26b100000,0x000000b26b200000) (1024K)]

[error occurred during error reporting (printing all threads), id 0xc0000005, EXCEPTION_ACCESS_VIOLATION (0xc0000005) at pc=0x00007ff84ee17197]
VM state: not at safepoint (not fully initialized)

VM Mutex/Monitor currently owned by a thread:  ([mutex/lock_event])
[0x00007ff84f6821c8] Heap_lock - owner thread: 0x000001f27b67e460

Heap address: 0x0000000703200000, size: 4046 MB, Compressed Oops mode: Zero based, Oop shift amount: 3

CDS archive(s) mapped at: [0x0000000000000000-0x0000000000000000-0x0000000000000000), size 0, SharedBaseAddress: 0x0000000800000000, ArchiveRelocationMode: 1.
Narrow klass base: 0x0000000000000000, Narrow klass shift: 0, Narrow klass range: 0x0

GC Precious Log:
 CardTable entry size: 512
 Card Set container configuration: InlinePtr #cards 4 size 8 Array Of Cards #cards 16 size 48 Howl #buckets 8 coarsen threshold 3686 Howl Bitmap #cards 512 size 80 coarsen threshold 460 Card regions per heap region 1 cards per card region 4096

Heap:
 garbage-first heap   total 0K, used 0K [0x0000000703200000, 0x0000000800000000)
  region size 2048K, 0 young (0K), 0 survivors (0K)
 Metaspace       used 0K, committed 0K, reserved 0K
  class space    used 0K, committed 0K, reserved 0K

Heap Regions: E=young(eden), S=young(survivor), O=old, HS=humongous(starts), HC=humongous(continues), CS=collection set, F=free, TAMS=top-at-mark-start, PB=parsable bottom

Card table byte_map: [0x000001f27e360000,0x000001f27eb50000] _byte_map_base: 0x000001f27ab47000

Marking Bits: (CMBitMap*) 0x000001f27d7cb890
 Bits: [0x000001f212080000, 0x000001f215fb8000)

GC Heap History (0 events):
No events

Dll operation events (1 events):
Event: 0.014 Loaded shared library D:\AndroidStudio\jbr\bin\java.dll

Deoptimization events (0 events):
No events

Classes loaded (0 events):
No events

Classes unloaded (0 events):
No events

Classes redefined (0 events):
No events

Internal exceptions (0 events):
No events

ZGC Phase Switch (0 events):
No events

VM Operations (0 events):
No events

Events (0 events):
No events


Dynamic libraries:
0x00007ff7c5900000 - 0x00007ff7c590a000 	D:\AndroidStudio\jbr\bin\java.exe
0x00007ff8c4330000 - 0x00007ff8c4528000 	C:\Windows\SYSTEM32\ntdll.dll
0x00007ff8c3f40000 - 0x00007ff8c3fff000 	C:\Windows\System32\KERNEL32.DLL
0x00007ff8c1be0000 - 0x00007ff8c1eb2000 	C:\Windows\System32\KERNELBASE.dll
0x00007ff8b1ce0000 - 0x00007ff8b1cfb000 	D:\AndroidStudio\jbr\bin\VCRUNTIME140.dll
0x00007ff8948b0000 - 0x00007ff8948c8000 	D:\AndroidStudio\jbr\bin\jli.dll
0x00007ff8c20b0000 - 0x00007ff8c21b0000 	C:\Windows\System32\ucrtbase.dll
0x00007ff8b2160000 - 0x00007ff8b23fa000 	C:\Windows\WinSxS\amd64_microsoft.windows.common-controls_6595b64144ccf1df_6.0.19041.1110_none_60b5254171f9507e\COMCTL32.dll
0x00007ff8c32b0000 - 0x00007ff8c334e000 	C:\Windows\System32\msvcrt.dll
0x00007ff8c3d90000 - 0x00007ff8c3f31000 	C:\Windows\System32\USER32.dll
0x00007ff8c36f0000 - 0x00007ff8c371b000 	C:\Windows\System32\GDI32.dll
0x00007ff8c1a20000 - 0x00007ff8c1a42000 	C:\Windows\System32\win32u.dll
0x00007ff8c1ad0000 - 0x00007ff8c1bdf000 	C:\Windows\System32\gdi32full.dll
0x00007ff8c21b0000 - 0x00007ff8c224d000 	C:\Windows\System32\msvcp_win.dll
0x00007ff8c36b0000 - 0x00007ff8c36e2000 	C:\Windows\System32\IMM32.DLL
0x00007ff8b8410000 - 0x00007ff8b841c000 	D:\AndroidStudio\jbr\bin\vcruntime140_1.dll
0x00007ff869480000 - 0x00007ff86950d000 	D:\AndroidStudio\jbr\bin\msvcp140.dll
0x00007ff84eae0000 - 0x00007ff84f75d000 	D:\AndroidStudio\jbr\bin\server\jvm.dll
0x00007ff8c23d0000 - 0x00007ff8c247e000 	C:\Windows\System32\ADVAPI32.dll
0x00007ff8c2650000 - 0x00007ff8c26ec000 	C:\Windows\System32\sechost.dll
0x00007ff8c41c0000 - 0x00007ff8c42e5000 	C:\Windows\System32\RPCRT4.dll
0x00007ff8c38b0000 - 0x00007ff8c391b000 	C:\Windows\System32\WS2_32.dll
0x00007ff8c0ff0000 - 0x00007ff8c103b000 	C:\Windows\SYSTEM32\POWRPROF.dll
0x00007ff8b4fe0000 - 0x00007ff8b5007000 	C:\Windows\SYSTEM32\WINMM.dll
0x00007ff8b65f0000 - 0x00007ff8b65fa000 	C:\Windows\SYSTEM32\VERSION.dll
0x00007ff8c0e60000 - 0x00007ff8c0e72000 	C:\Windows\SYSTEM32\UMPDC.dll
0x00007ff8c0270000 - 0x00007ff8c0282000 	C:\Windows\SYSTEM32\kernel.appcore.dll
0x00007ff8b8400000 - 0x00007ff8b840a000 	D:\AndroidStudio\jbr\bin\jimage.dll
0x00007ff8bb280000 - 0x00007ff8bb464000 	C:\Windows\SYSTEM32\DBGHELP.DLL
0x00007ff8b4fa0000 - 0x00007ff8b4fd5000 	C:\Windows\SYSTEM32\dbgcore.DLL
0x00007ff8c1ec0000 - 0x00007ff8c1f42000 	C:\Windows\System32\bcryptPrimitives.dll
0x00007ff8b1cc0000 - 0x00007ff8b1cdf000 	D:\AndroidStudio\jbr\bin\java.dll

dbghelp: loaded successfully - version: 4.0.5 - missing functions: none
symbol engine: initialized successfully - sym options: 0x614 - pdb path: .;D:\AndroidStudio\jbr\bin;C:\Windows\SYSTEM32;C:\Windows\WinSxS\amd64_microsoft.windows.common-controls_6595b64144ccf1df_6.0.19041.1110_none_60b5254171f9507e;D:\AndroidStudio\jbr\bin\server

VM Arguments:
java_command: org.jetbrains.kotlin.cli.jvm.K2JVMCompiler @C:\Computer Sience\Software Development for Mobile Application\app\build\20250122_333328624857731288.compiler.options
java_class_path (initial): C:\Users\win\.gradle\caches\modules-2\files-2.1\org.jetbrains.kotlin\kotlin-compiler-embeddable\1.9.24\78dab849090e6c5e2eadb6e59a11cdc28fb67a08\kotlin-compiler-embeddable-1.9.24.jar;C:\Users\win\.gradle\caches\modules-2\files-2.1\org.jetbrains.kotlin\kotlin-stdlib\1.9.24\9928532f12c66ad816a625b3f9984f8368ca6d2b\kotlin-stdlib-1.9.24.jar;C:\Users\win\.gradle\caches\modules-2\files-2.1\org.jetbrains.kotlin\kotlin-script-runtime\1.9.24\96771497da90fbc5af1c90fce148db2595a62502\kotlin-script-runtime-1.9.24.jar;C:\Users\win\.gradle\caches\modules-2\files-2.1\org.jetbrains.kotlin\kotlin-reflect\1.6.10\1cbe9c92c12a94eea200d23c2bbaedaf3daf5132\kotlin-reflect-1.6.10.jar;C:\Users\win\.gradle\caches\modules-2\files-2.1\org.jetbrains.kotlin\kotlin-daemon-embeddable\1.9.24\86685b9c5e8d170925bd9ddbdc263374a6a73281\kotlin-daemon-embeddable-1.9.24.jar;C:\Users\win\.gradle\caches\modules-2\files-2.1\org.jetbrains.intellij.deps\trove4j\1.0.20200330\3afb14d5f9ceb459d724e907a21145e8ff394f02\trove4j-1.0.20200330.jar;C:\Users\win\.gradle\caches\modules-2\files-2.1\org.jetbrains\annotations\13.0\919f0dfe192fb4e063e7dacadee7f8bb9a2672a9\annotations-13.0.jar
Launcher Type: SUN_STANDARD

[Global flags]
     intx CICompilerCount                          = 4                                         {product} {ergonomic}
     uint ConcGCThreads                            = 2                                         {product} {ergonomic}
     uint G1ConcRefinementThreads                  = 8                                         {product} {ergonomic}
   size_t G1HeapRegionSize                         = 2097152                                   {product} {ergonomic}
    uintx GCDrainStackTargetSize                   = 64                                        {product} {ergonomic}
   size_t InitialHeapSize                          = 266338304                                 {product} {ergonomic}
   size_t MarkStackSize                            = 4194304                                   {product} {ergonomic}
   size_t MaxHeapSize                              = 4242538496                                {product} {ergonomic}
   size_t MinHeapDeltaBytes                        = 2097152                                   {product} {ergonomic}
   size_t MinHeapSize                              = 8388608                                   {product} {ergonomic}
    uintx NonNMethodCodeHeapSize                   = 5839372                                {pd product} {ergonomic}
    uintx NonProfiledCodeHeapSize                  = 122909434                              {pd product} {ergonomic}
    uintx ProfiledCodeHeapSize                     = 122909434                              {pd product} {ergonomic}
    uintx ReservedCodeCacheSize                    = 251658240                              {pd product} {ergonomic}
     bool SegmentedCodeCache                       = true                                      {product} {ergonomic}
   size_t SoftMaxHeapSize                          = 4242538496                             {manageable} {ergonomic}
     bool UseCompressedOops                        = true                           {product lp64_product} {ergonomic}
     bool UseG1GC                                  = true                                      {product} {ergonomic}
     bool UseLargePagesIndividualAllocation        = false                                  {pd product} {ergonomic}

Logging:
Log output configuration:
 #0: stdout all=warning uptime,level,tags foldmultilines=false
 #1: stderr all=off uptime,level,tags foldmultilines=false

Environment Variables:
PATH=C:\Program Files (x86)\VMware\VMware Workstation\bin\;C:\Program Files\Common Files\Oracle\Java\javapath;C:\Program Files (x86)\Common Files\Oracle\Java\java8path;C:\Program Files (x86)\Common Files\Oracle\Java\javapath;C:\Program Files\Microsoft\jdk-11.0.16.101-hotspot\bin;C:\Ruby32-x64\bin;C:\Windows\system32;C:\Windows;C:\Windows\System32\Wbem;C:\Windows\System32\WindowsPowerShell\v1.0\;C:\Windows\System32\OpenSSH\;C:\Program Files (x86)\NVIDIA Corporation\PhysX\Common;C:\Program Files\NVIDIA Corporation\NVIDIA NvDLISR;C:\Users\win\Downloads\ruby-3.2.2;c:\Users\win\Downloads\testing.rb;C:\Program Files\PuTTY\;C:\Program Files\dotnet\;C:\Program Files\Microsoft SQL Server\150\Tools\Binn\;C:\MinGW\bin;C:\Program Files\nodejs\;C:\Program Files\Git\cmd;C:\MinGW\bin;C:\php-8.3.9-nts-Win32-vs16-x64;D:\Xamp\php\php.exe;C:\Program Files (x86)\Windows Kits\10\Windows Performance Toolkit\;D:\msys64\home\win\.splashkit;D:\msys64\home\win\.splashkit\lib\win64;D:\msys64\home\win\.splashkit\lib;C:\Program Files\Microsoft\jdk-11.0.16.101-hotspot\bin;C:\Ruby32-x64\bin;C:\Windows\system32;C:\Windows;C:\Windows\System32\Wbem;C:\Windows\System32\WindowsPowerShell\v1.0;C:\Windows\System32\OpenSSH;C:\Program Files (x86)\NVIDIA Corporation\PhysX\Common;C:\Program Files\NVIDIA Corporation\NVIDIA NvDLISR;C:\Users\win\Downloads\ruby-3.2.2;C:\Users\win\Downloads\testing.rb;C:\Program Files\PuTTY;C:\Program Files\dotnet;C:\Program Files\Microsoft SQL Server\150\Tools\Binn;C:\Program Files\Microsoft SQL Server\Client SDK\ODBC\170\Tools\Binn;C:\msys64\home\win\.splashkit;C:\msys64\home\win\.splashkit\lib\win64;C:\msys64\home\win\.splashkit\lib;C:\Windows\System32;C:\Windows;C:\Windows\System32\Wbem;C:\Windows\System32\WindowsPowerShell\v1.0;C:\Users\win\AppData\Local\Programs\Microsoft VS Code\bin;C:\Users\win\AppData\Roaming\npm;C:\Users\win\AppData\Roaming\Composer\vendor\bin;C:\Users\win\.dotnet\tools;C:\msys64\ucrt64\bin;
USERNAME=win
OS=Windows_NT
PROCESSOR_IDENTIFIER=Intel64 Family 6 Model 165 Stepping 2, GenuineIntel
TMP=C:\Users\win\AppData\Local\Temp
TEMP=C:\Users\win\AppData\Local\Temp




Periodic native trim disabled

JNI global refs:
JNI global refs: 0, weak refs: 0

JNI global refs memory usage: 0, weak refs: 0

Process memory usage:
Resident Set Size: 10572K (0% of 16565952K total physical memory with 7487984K free physical memory)

OOME stack traces (most recent first):
Classloader memory used:

---------------  S Y S T E M  ---------------

OS:
 Windows 10 , 64 bit Build 19041 (10.0.19041.2364)
OS uptime: 0 days 11:53 hours

CPU: total 8 (initial active 8) (4 cores per cpu, 2 threads per core) family 6 model 165 stepping 2 microcode 0xfc, cx8, cmov, fxsr, ht, mmx, 3dnowpref, sse, sse2, sse3, ssse3, sse4.1, sse4.2, popcnt, lzcnt, tsc, tscinvbit, avx, avx2, aes, erms, clmul, bmi1, bmi2, adx, fma, vzeroupper, clflush, clflushopt, rdtscp, f16c, pku
Processor Information for all 8 processors :
  Max Mhz: 2496, Current Mhz: 2496, Mhz Limit: 2496

Memory: 4k page, system-wide physical 16177M (7312M free)
TotalPageFile size 28465M (AvailPageFile size 194M)
current process WorkingSet (physical memory assigned to process): 10M, peak: 10M
current process commit charge ("private bytes"): 60M, peak: 314M

vm_info: OpenJDK 64-Bit Server VM (21.0.3+-12282718-b509.11) for windows-amd64 JRE (21.0.3+-12282718-b509.11), built on 2024-08-27T17:34:15Z by "builder" with MS VC++ 16.10 / 16.11 (VS2019)

END.
